  [1m[35m (747.6ms)[0m  [1m[35mCREATE DATABASE "pokemon-react_development" ENCODING = 'unicode'[0m
  ↳ /Users/brophy/.rvm/rubies/ruby-2.6.1/lib/ruby/gems/2.6.0/gems/rake-12.3.2/lib/rake/task.rb:273
  [1m[35m (540.9ms)[0m  [1m[35mCREATE DATABASE "pokemon-react_test" ENCODING = 'unicode'[0m
  ↳ /Users/brophy/.rvm/rubies/ruby-2.6.1/lib/ruby/gems/2.6.0/gems/rake-12.3.2/lib/rake/task.rb:273
  [1m[35m (27.7ms)[0m  [1m[35mCREATE TABLE "schema_migrations" ("version" character varying NOT NULL PRIMARY KEY)[0m
  ↳ /Users/brophy/.rvm/rubies/ruby-2.6.1/lib/ruby/gems/2.6.0/gems/rake-12.3.2/lib/rake/task.rb:273
  [1m[35m (39.6ms)[0m  [1m[35mCREATE TABLE "ar_internal_metadata" ("key" character varying NOT NULL PRIMARY KEY, "value" character varying, "created_at" timestamp NOT NULL, "updated_at" timestamp NOT NULL)[0m
  ↳ /Users/brophy/.rvm/rubies/ruby-2.6.1/lib/ruby/gems/2.6.0/gems/rake-12.3.2/lib/rake/task.rb:273
  [1m[35m (1.7ms)[0m  [1m[34mSELECT pg_try_advisory_lock(3015875455799905755)[0m
  ↳ /Users/brophy/.rvm/rubies/ruby-2.6.1/lib/ruby/gems/2.6.0/gems/rake-12.3.2/lib/rake/task.rb:273
  [1m[35m (2.1ms)[0m  [1m[34mSELECT "schema_migrations"."version" FROM "schema_migrations" ORDER BY "schema_migrations"."version" ASC[0m
  ↳ /Users/brophy/.rvm/rubies/ruby-2.6.1/lib/ruby/gems/2.6.0/gems/rake-12.3.2/lib/rake/task.rb:273
Migrating to CreatePokemons (20190411161426)
  [1m[35m (0.3ms)[0m  [1m[35mBEGIN[0m
  ↳ /Users/brophy/.rvm/rubies/ruby-2.6.1/lib/ruby/gems/2.6.0/gems/rake-12.3.2/lib/rake/task.rb:273
  [1m[35m (85.4ms)[0m  [1m[35mCREATE TABLE "pokemons" ("id" bigserial primary key, "name" character varying, "front_img" character varying, "back_img" character varying, "weight" integer, "hp" integer, "created_at" timestamp NOT NULL, "updated_at" timestamp NOT NULL)[0m
  ↳ db/migrate/20190411161426_create_pokemons.rb:3
  [1m[36mActiveRecord::SchemaMigration Create (7.1ms)[0m  [1m[32mINSERT INTO "schema_migrations" ("version") VALUES ($1) RETURNING "version"[0m  [["version", "20190411161426"]]
  ↳ /Users/brophy/.rvm/rubies/ruby-2.6.1/lib/ruby/gems/2.6.0/gems/rake-12.3.2/lib/rake/task.rb:273
  [1m[35m (0.6ms)[0m  [1m[35mCOMMIT[0m
  ↳ /Users/brophy/.rvm/rubies/ruby-2.6.1/lib/ruby/gems/2.6.0/gems/rake-12.3.2/lib/rake/task.rb:273
Migrating to CreateTrainers (20190411162104)
  [1m[35m (40.0ms)[0m  [1m[35mBEGIN[0m
  ↳ /Users/brophy/.rvm/rubies/ruby-2.6.1/lib/ruby/gems/2.6.0/gems/rake-12.3.2/lib/rake/task.rb:273
  [1m[35m (47.9ms)[0m  [1m[35mCREATE TABLE "trainers" ("id" bigserial primary key, "name" character varying, "hometown" character varying, "age" integer, "image" character varying, "enemy" character varying, "created_at" timestamp NOT NULL, "updated_at" timestamp NOT NULL)[0m
  ↳ db/migrate/20190411162104_create_trainers.rb:3
  [1m[36mActiveRecord::SchemaMigration Create (1.3ms)[0m  [1m[32mINSERT INTO "schema_migrations" ("version") VALUES ($1) RETURNING "version"[0m  [["version", "20190411162104"]]
  ↳ /Users/brophy/.rvm/rubies/ruby-2.6.1/lib/ruby/gems/2.6.0/gems/rake-12.3.2/lib/rake/task.rb:273
  [1m[35m (0.8ms)[0m  [1m[35mCOMMIT[0m
  ↳ /Users/brophy/.rvm/rubies/ruby-2.6.1/lib/ruby/gems/2.6.0/gems/rake-12.3.2/lib/rake/task.rb:273
Migrating to CreateTeams (20190411162153)
  [1m[35m (40.3ms)[0m  [1m[35mBEGIN[0m
  ↳ /Users/brophy/.rvm/rubies/ruby-2.6.1/lib/ruby/gems/2.6.0/gems/rake-12.3.2/lib/rake/task.rb:273
  [1m[35m (12.0ms)[0m  [1m[35mCREATE TABLE "teams" ("id" bigserial primary key, "pokemon_id" integer, "trainer_id" integer, "nickname" character varying, "created_at" timestamp NOT NULL, "updated_at" timestamp NOT NULL)[0m
  ↳ db/migrate/20190411162153_create_teams.rb:3
  [1m[36mActiveRecord::SchemaMigration Create (0.4ms)[0m  [1m[32mINSERT INTO "schema_migrations" ("version") VALUES ($1) RETURNING "version"[0m  [["version", "20190411162153"]]
  ↳ /Users/brophy/.rvm/rubies/ruby-2.6.1/lib/ruby/gems/2.6.0/gems/rake-12.3.2/lib/rake/task.rb:273
  [1m[35m (0.8ms)[0m  [1m[35mCOMMIT[0m
  ↳ /Users/brophy/.rvm/rubies/ruby-2.6.1/lib/ruby/gems/2.6.0/gems/rake-12.3.2/lib/rake/task.rb:273
  [1m[36mActiveRecord::InternalMetadata Load (1.6ms)[0m  [1m[34mSELECT  "ar_internal_metadata".* FROM "ar_internal_metadata" WHERE "ar_internal_metadata"."key" = $1 LIMIT $2[0m  [["key", "environment"], ["LIMIT", 1]]
  ↳ /Users/brophy/.rvm/rubies/ruby-2.6.1/lib/ruby/gems/2.6.0/gems/rake-12.3.2/lib/rake/task.rb:273
  [1m[35m (0.2ms)[0m  [1m[35mBEGIN[0m
  ↳ /Users/brophy/.rvm/rubies/ruby-2.6.1/lib/ruby/gems/2.6.0/gems/rake-12.3.2/lib/rake/task.rb:273
  [1m[36mActiveRecord::InternalMetadata Create (42.1ms)[0m  [1m[32mINSERT INTO "ar_internal_metadata" ("key", "value", "created_at", "updated_at") VALUES ($1, $2, $3, $4) RETURNING "key"[0m  [["key", "environment"], ["value", "development"], ["created_at", "2019-04-11 16:29:18.279347"], ["updated_at", "2019-04-11 16:29:18.279347"]]
  ↳ /Users/brophy/.rvm/rubies/ruby-2.6.1/lib/ruby/gems/2.6.0/gems/rake-12.3.2/lib/rake/task.rb:273
  [1m[35m (0.4ms)[0m  [1m[35mCOMMIT[0m
  ↳ /Users/brophy/.rvm/rubies/ruby-2.6.1/lib/ruby/gems/2.6.0/gems/rake-12.3.2/lib/rake/task.rb:273
  [1m[35m (0.3ms)[0m  [1m[34mSELECT pg_advisory_unlock(3015875455799905755)[0m
  ↳ /Users/brophy/.rvm/rubies/ruby-2.6.1/lib/ruby/gems/2.6.0/gems/rake-12.3.2/lib/rake/task.rb:273
  [1m[35m (0.8ms)[0m  [1m[34mSELECT "schema_migrations"."version" FROM "schema_migrations" ORDER BY "schema_migrations"."version" ASC[0m
  ↳ /Users/brophy/.rvm/rubies/ruby-2.6.1/lib/ruby/gems/2.6.0/gems/rake-12.3.2/lib/rake/task.rb:273
  [1m[36mTrainer Load (1.4ms)[0m  [1m[34mSELECT  "trainers".* FROM "trainers" LIMIT $1[0m  [["LIMIT", 11]]
  [1m[35m (0.2ms)[0m  [1m[35mBEGIN[0m
  [1m[36mTrainer Create (46.4ms)[0m  [1m[32mINSERT INTO "trainers" ("name", "hometown", "age", "created_at", "updated_at") VALUES ($1, $2, $3, $4, $5) RETURNING "id"[0m  [["name", "Kevin"], ["hometown", "Bay Area"], ["age", 31], ["created_at", "2019-04-11 16:33:38.099659"], ["updated_at", "2019-04-11 16:33:38.099659"]]
  [1m[35m (0.8ms)[0m  [1m[35mCOMMIT[0m
  [1m[36mTrainer Load (9.2ms)[0m  [1m[34mSELECT  "trainers".* FROM "trainers" LIMIT $1[0m  [["LIMIT", 11]]
  [1m[36mTrainer Load (0.6ms)[0m  [1m[34mSELECT  "trainers".* FROM "trainers" WHERE "trainers"."id" = $1 LIMIT $2[0m  [["id", 1], ["LIMIT", 1]]
  [1m[36mPokemon Load (43.2ms)[0m  [1m[34mSELECT  "pokemons".* FROM "pokemons" INNER JOIN "teams" ON "pokemons"."id" = "teams"."pokemon_id" WHERE "teams"."trainer_id" = $1 LIMIT $2[0m  [["trainer_id", 1], ["LIMIT", 11]]
  [1m[35m (0.2ms)[0m  [1m[35mBEGIN[0m
  [1m[36mPokemon Create (1.0ms)[0m  [1m[32mINSERT INTO "pokemons" ("name", "created_at", "updated_at") VALUES ($1, $2, $3) RETURNING "id"[0m  [["name", "bulbasaur"], ["created_at", "2019-04-11 16:35:15.378500"], ["updated_at", "2019-04-11 16:35:15.378500"]]
  [1m[35m (39.7ms)[0m  [1m[35mCOMMIT[0m
  [1m[35m (0.2ms)[0m  [1m[35mBEGIN[0m
  [1m[36mPokemon Load (0.8ms)[0m  [1m[34mSELECT  "pokemons".* FROM "pokemons" WHERE "pokemons"."id" = $1 LIMIT $2[0m  [["id", 1], ["LIMIT", 1]]
  [1m[36mTrainer Load (0.4ms)[0m  [1m[34mSELECT  "trainers".* FROM "trainers" WHERE "trainers"."id" = $1 LIMIT $2[0m  [["id", 1], ["LIMIT", 1]]
  [1m[36mTeam Create (1.2ms)[0m  [1m[32mINSERT INTO "teams" ("pokemon_id", "trainer_id", "created_at", "updated_at") VALUES ($1, $2, $3, $4) RETURNING "id"[0m  [["pokemon_id", 1], ["trainer_id", 1], ["created_at", "2019-04-11 16:35:37.647229"], ["updated_at", "2019-04-11 16:35:37.647229"]]
  [1m[35m (40.3ms)[0m  [1m[35mCOMMIT[0m
  [1m[36mPokemon Load (1.5ms)[0m  [1m[34mSELECT  "pokemons".* FROM "pokemons" INNER JOIN "teams" ON "pokemons"."id" = "teams"."pokemon_id" WHERE "teams"."trainer_id" = $1 LIMIT $2[0m  [["trainer_id", 1], ["LIMIT", 11]]
  [1m[36mPokemon Load (0.9ms)[0m  [1m[34mSELECT  "pokemons".* FROM "pokemons" WHERE "pokemons"."id" = $1 LIMIT $2[0m  [["id", 1], ["LIMIT", 1]]
  [1m[36mTrainer Load (0.9ms)[0m  [1m[34mSELECT  "trainers".* FROM "trainers" INNER JOIN "teams" ON "trainers"."id" = "teams"."trainer_id" WHERE "teams"."pokemon_id" = $1 LIMIT $2[0m  [["pokemon_id", 1], ["LIMIT", 11]]
